<?xml version="1.0" encoding="UTF-8"?>
<!-- Generated by org.testng.reporters.JUnitReportReporter -->
<testsuite skipped="0" hostname="LP1124" name="com.br.inmetrics.tests.php.TestCadastro" tests="1" failures="0" timestamp="04 set 2019 00:43:05 GMT" time="23.810" errors="0">
  <testcase name="CT1_CadastroPHPTravel" time="23.810" classname="com.br.inmetrics.tests.php.TestCadastro"/>
</testsuite> <!-- com.br.inmetrics.tests.php.TestCadastro -->
