<?xml version="1.0" encoding="UTF-8"?>
<!-- Generated by org.testng.reporters.JUnitReportReporter -->
<testsuite skipped="0" hostname="LP1124" name="com.br.inmetrics.phpSuppliers.Testes.Test_phpSuppliers_Login" tests="1" failures="0" timestamp="29 ago 2019 13:47:22 GMT" time="24.906" errors="0">
  <testcase name="Login_Admin" time="24.906" classname="com.br.inmetrics.phpSuppliers.Testes.Test_phpSuppliers_Login"/>
</testsuite> <!-- com.br.inmetrics.phpSuppliers.Testes.Test_phpSuppliers_Login -->
